<?xml version="1.0" encoding="UTF-8"?>
<testng-results ignored="0" total="1" passed="1" failed="0" skipped="0">
  <reporter-output>
  </reporter-output>
  <suite started-at="2019-11-15T09:02:11 CET" name="Default suite" finished-at="2019-11-15T09:02:21 CET" duration-ms="10331">
    <groups>
    </groups>
    <test started-at="2019-11-15T09:02:11 CET" name="Default test" finished-at="2019-11-15T09:02:21 CET" duration-ms="10331">
      <class name="com.inetbanking.testCases.TC_LoginTest_001">
        <test-method is-config="true" signature="setup()[pri:0, instance:com.inetbanking.testCases.TC_LoginTest_001@7b227d8d]" started-at="2019-11-15T09:02:11 CET" name="setup" finished-at="2019-11-15T09:02:16 CET" duration-ms="5500" status="PASS">
          <reporter-output>
          </reporter-output>
        </test-method> <!-- setup -->
        <test-method signature="loginTest()[pri:0, instance:com.inetbanking.testCases.TC_LoginTest_001@7b227d8d]" started-at="2019-11-15T09:02:16 CET" name="loginTest" finished-at="2019-11-15T09:02:21 CET" duration-ms="4080" status="PASS">
          <reporter-output>
          </reporter-output>
        </test-method> <!-- loginTest -->
        <test-method is-config="true" signature="tearDown()[pri:0, instance:com.inetbanking.testCases.TC_LoginTest_001@7b227d8d]" started-at="2019-11-15T09:02:21 CET" name="tearDown" finished-at="2019-11-15T09:02:21 CET" duration-ms="724" status="PASS">
          <reporter-output>
          </reporter-output>
        </test-method> <!-- tearDown -->
      </class> <!-- com.inetbanking.testCases.TC_LoginTest_001 -->
    </test> <!-- Default test -->
  </suite> <!-- Default suite -->
</testng-results>
