<?xml version="1.0" encoding="UTF-8"?>
<testng-results ignored="0" total="1" passed="1" failed="0" skipped="0">
  <reporter-output>
  </reporter-output>
  <suite started-at="2019-11-28T09:04:48 CET" name="InetBankingV1" finished-at="2019-11-28T09:04:58 CET" duration-ms="9707">
    <groups>
    </groups>
    <test started-at="2019-11-28T09:04:48 CET" name="Bankingapp Test" finished-at="2019-11-28T09:04:58 CET" duration-ms="9707">
      <class name="com.inetbanking.testCases.TC_LoginTest_001">
        <test-method is-config="true" signature="setup(java.lang.String)[pri:0, instance:com.inetbanking.testCases.TC_LoginTest_001@79efed2d]" started-at="2019-11-28T09:04:48 CET" name="setup" finished-at="2019-11-28T09:04:56 CET" duration-ms="7479" status="PASS">
          <params>
            <param index="0">
              <value>
                <![CDATA[chrome]]>
              </value>
            </param>
          </params>
          <reporter-output>
          </reporter-output>
        </test-method> <!-- setup -->
        <test-method signature="loginTest()[pri:0, instance:com.inetbanking.testCases.TC_LoginTest_001@79efed2d]" started-at="2019-11-28T09:04:56 CET" name="loginTest" finished-at="2019-11-28T09:04:57 CET" duration-ms="1191" status="PASS">
          <reporter-output>
          </reporter-output>
        </test-method> <!-- loginTest -->
        <test-method is-config="true" signature="tearDown()[pri:0, instance:com.inetbanking.testCases.TC_LoginTest_001@79efed2d]" started-at="2019-11-28T09:04:57 CET" name="tearDown" finished-at="2019-11-28T09:04:58 CET" duration-ms="1003" status="PASS">
          <reporter-output>
          </reporter-output>
        </test-method> <!-- tearDown -->
      </class> <!-- com.inetbanking.testCases.TC_LoginTest_001 -->
    </test> <!-- Bankingapp Test -->
  </suite> <!-- InetBankingV1 -->
</testng-results>
